{
  "RSpec": {
    "coverage": {
      "/home/amiable-store-9633/tic-tac-toe-rb-online-web-sp-000/lib/tic_tac_toe.rb": [
        1,
        4,
        4,
        4,
        4,
        4,
        null,
        1,
        11,
        null,
        null,
        1,
        0,
        null,
        1,
        96,
        56,
        null,
        40,
        null,
        null,
        null,
        1,
        0,
        0,
        null,
        0,
        null,
        null,
        1,
        1,
        null,
        null,
        1,
        8,
        8,
        8,
        8,
        0,
        0,
        null,
        0,
        null,
        null,
        null,
        1,
        2,
        2,
        18,
        5,
        null,
        null,
        2,
        null,
        null,
        1,
        null,
        null,
        null,
        null,
        null,
        null,
        null,
        null,
        null,
        1,
        57,
        272,
        272,
        272,
        null,
        272,
        272,
        272,
        null,
        272,
        38,
        null,
        null,
        19,
        null,
        null,
        1,
        97,
        7,
        null,
        8,
        null,
        null,
        null,
        1,
        17,
        7,
        0,
        0,
        10,
        10,
        null,
        null,
        null,
        1,
        11,
        8,
        null,
        3,
        null,
        null,
        1,
        10,
        9,
        null,
        null,
        null,
        1,
        0,
        0,
        0,
        0,
        null,
        null,
        null,
        1,
        12,
        6,
        null,
        6,
        4,
        4,
        2,
        2,
        null,
        null
      ]
    },
    "timestamp": 1591819491
  }
}
